# JRE version: OpenJDK Runtime Environment (11.0.10) (build 11.0.10+0-b96-7249189)
# Java VM: OpenJDK 64-Bit Server VM (11.0.10+0-b96-7249189, mixed mode, tiered, compressed oops, g1 gc, windows-amd64)
Heap:
 garbage-first heap   total 756736K, used 286891K [0x0000000080000000, 0x0000000100000000)
  region size 1024K, 12 young (12288K), 12 survivors (12288K)
 Metaspace       used 281065K, capacity 290459K, committed 290944K, reserved 1300480K
  class space    used 36252K, capacity 39645K, committed 39808K, reserved 1048576K
GC Heap History (20 events):
Event: 3904.034 GC heap after
{Heap after GC invocations=295 (full 0):
 garbage-first heap   total 569344K, used 248863K [0x0000000080000000, 0x0000000100000000)
  region size 1024K, 8 young (8192K), 8 survivors (8192K)
 Metaspace       used 263759K, capacity 272907K, committed 275200K, reserved 1286144K
  class space    used 34197K, capacity 37423K, committed 38144K, reserved 1048576K
}
Event: 3904.605 GC heap before
{Heap before GC invocations=295 (full 0):
 garbage-first heap   total 569344K, used 268319K [0x0000000080000000, 0x0000000100000000)
  region size 1024K, 27 young (27648K), 8 survivors (8192K)
 Metaspace       used 266243K, capacity 275397K, committed 276992K, reserved 1288192K
  class space    used 34404K, capacity 37647K, committed 38144K, reserved 1048576K
}
Event: 3904.691 GC heap after
{Heap after GC invocations=296 (full 0):
 garbage-first heap   total 569344K, used 216481K [0x0000000080000000, 0x0000000100000000)
  region size 1024K, 3 young (3072K), 3 survivors (3072K)
 Metaspace       used 266243K, capacity 275397K, committed 276992K, reserved 1288192K
  class space    used 34404K, capacity 37647K, committed 38144K, reserved 1048576K
}
Event: 3905.305 GC heap before
{Heap before GC invocations=296 (full 0):
 garbage-first heap   total 569344K, used 240033K [0x0000000080000000, 0x0000000100000000)
  region size 1024K, 27 young (27648K), 3 survivors (3072K)
 Metaspace       used 266646K, capacity 275781K, committed 277504K, reserved 1288192K
  class space    used 34420K, capacity 37647K, committed 38144K, reserved 1048576K
}
Event: 3905.406 GC heap after
{Heap after GC invocations=297 (full 0):
 garbage-first heap   total 569344K, used 214216K [0x0000000080000000, 0x0000000100000000)
  region size 1024K, 3 young (3072K), 3 survivors (3072K)
 Metaspace       used 266646K, capacity 275781K, committed 277504K, reserved 1288192K
  class space    used 34420K, capacity 37647K, committed 38144K, reserved 1048576K
}
Event: 3910.850 GC heap before
{Heap before GC invocations=297 (full 0):
 garbage-first heap   total 569344K, used 444616K [0x0000000080000000, 0x0000000100000000)
  region size 1024K, 227 young (232448K), 3 survivors (3072K)
 Metaspace       used 269584K, capacity 278706K, committed 280320K, reserved 1292288K
  class space    used 34701K, capacity 37934K, committed 38400K, reserved 1048576K
}
Event: 3910.880 GC heap after
{Heap after GC invocations=298 (full 0):
 garbage-first heap   total 569344K, used 220650K [0x0000000080000000, 0x0000000100000000)
  region size 1024K, 9 young (9216K), 9 survivors (9216K)
 Metaspace       used 269584K, capacity 278706K, committed 280320K, reserved 1292288K
  class space    used 34701K, capacity 37934K, committed 38400K, reserved 1048576K
}
Event: 3913.435 GC heap before
{Heap before GC invocations=298 (full 0):
 garbage-first heap   total 569344K, used 452074K [0x0000000080000000, 0x0000000100000000)
  region size 1024K, 236 young (241664K), 9 survivors (9216K)
 Metaspace       used 271056K, capacity 280335K, committed 281728K, reserved 1292288K
  class space    used 34865K, capacity 38141K, committed 38528K, reserved 1048576K
}
Event: 3913.545 GC heap after
{Heap after GC invocations=299 (full 0):
 garbage-first heap   total 569344K, used 235583K [0x0000000080000000, 0x0000000100000000)
  region size 1024K, 24 young (24576K), 24 survivors (24576K)
 Metaspace       used 271056K, capacity 280335K, committed 281728K, reserved 1292288K
  class space    used 34865K, capacity 38141K, committed 38528K, reserved 1048576K
}
Event: 3918.211 GC heap before
{Heap before GC invocations=299 (full 0):
 garbage-first heap   total 569344K, used 456767K [0x0000000080000000, 0x0000000100000000)
  region size 1024K, 241 young (246784K), 24 survivors (24576K)
 Metaspace       used 278261K, capacity 287754K, committed 288256K, reserved 1298432K
  class space    used 35996K, capacity 39372K, committed 39424K, reserved 1048576K
}
Event: 3918.824 GC heap after
{Heap after GC invocations=300 (full 0):
 garbage-first heap   total 569344K, used 270516K [0x0000000080000000, 0x0000000100000000)
  region size 1024K, 31 young (31744K), 31 survivors (31744K)
 Metaspace       used 278261K, capacity 287754K, committed 288256K, reserved 1298432K
  class space    used 35996K, capacity 39372K, committed 39424K, reserved 1048576K
}
Event: 3928.165 GC heap before
{Heap before GC invocations=300 (full 0):
 garbage-first heap   total 569344K, used 354484K [0x0000000080000000, 0x0000000100000000)
  region size 1024K, 113 young (115712K), 31 survivors (31744K)
 Metaspace       used 279922K, capacity 289294K, committed 289920K, reserved 1300480K
  class space    used 36164K, capacity 39546K, committed 39808K, reserved 1048576K
}
Event: 3928.411 GC heap after
{Heap after GC invocations=301 (full 0):
 garbage-first heap   total 569344K, used 278971K [0x0000000080000000, 0x0000000100000000)
  region size 1024K, 9 young (9216K), 9 survivors (9216K)
 Metaspace       used 279922K, capacity 289294K, committed 289920K, reserved 1300480K
  class space    used 36164K, capacity 39546K, committed 39808K, reserved 1048576K
}
Event: 3932.911 GC heap before
{Heap before GC invocations=302 (full 0):
 garbage-first heap   total 569344K, used 458171K [0x0000000080000000, 0x0000000100000000)
  region size 1024K, 185 young (189440K), 9 survivors (9216K)
 Metaspace       used 280733K, capacity 290055K, committed 290432K, reserved 1300480K
  class space    used 36230K, capacity 39602K, committed 39808K, reserved 1048576K
}
Event: 3933.095 GC heap after
{Heap after GC invocations=303 (full 0):
 garbage-first heap   total 569344K, used 290336K [0x0000000080000000, 0x0000000100000000)
  region size 1024K, 20 young (20480K), 20 survivors (20480K)
 Metaspace       used 280733K, capacity 290055K, committed 290432K, reserved 1300480K
  class space    used 36230K, capacity 39602K, committed 39808K, reserved 1048576K
}
Event: 3933.176 GC heap before
{Heap before GC invocations=303 (full 0):
 garbage-first heap   total 569344K, used 297504K [0x0000000080000000, 0x0000000100000000)
  region size 1024K, 27 young (27648K), 20 survivors (20480K)
 Metaspace       used 280737K, capacity 290055K, committed 290432K, reserved 1300480K
  class space    used 36230K, capacity 39602K, committed 39808K, reserved 1048576K
}
Event: 3933.277 GC heap after
{Heap after GC invocations=304 (full 0):
 garbage-first heap   total 569344K, used 281349K [0x0000000080000000, 0x0000000100000000)
  region size 1024K, 3 young (3072K), 3 survivors (3072K)
 Metaspace       used 280737K, capacity 290055K, committed 290432K, reserved 1300480K
  class space    used 36230K, capacity 39602K, committed 39808K, reserved 1048576K
}
Event: 3933.407 GC heap before
{Heap before GC invocations=304 (full 0):
 garbage-first heap   total 569344K, used 305925K [0x0000000080000000, 0x0000000100000000)
  region size 1024K, 27 young (27648K), 3 survivors (3072K)
 Metaspace       used 280748K, capacity 290122K, committed 290688K, reserved 1300480K
  class space    used 36232K, capacity 39603K, committed 39808K, reserved 1048576K
}
Event: 3933.628 GC heap after
{Heap after GC invocations=305 (full 0):
 garbage-first heap   total 569344K, used 276856K [0x0000000080000000, 0x0000000100000000)
  region size 1024K, 2 young (2048K), 2 survivors (2048K)
 Metaspace       used 280748K, capacity 290122K, committed 290688K, reserved 1300480K
  class space    used 36232K, capacity 39603K, committed 39808K, reserved 1048576K
}
Event: 3934.793 GC heap before
{Heap before GC invocations=305 (full 0):
 garbage-first heap   total 569344K, used 463224K [0x0000000080000000, 0x0000000100000000)
  region size 1024K, 184 young (188416K), 2 survivors (2048K)
 Metaspace       used 281065K, capacity 290459K, committed 290944K, reserved 1300480K
  class space    used 36252K, capacity 39645K, committed 39808K, reserved 1048576K
}

